PCAD Importer Log
Project : 6-103635-0.LibPkg

Section : C:\Users\lenovo\Desktop\dashboard-hw\6-103635-0.lia
    Section : PCB Library - 6-103635-0.PcbLib
        Section : Load Messages
            Warning - 1 : Skipping Token 6-103635-0 On Line 143
            Warning - 1 : Skipping Token attachedSymbol On Line 286
        EndSection

        Section : Import Messages
        EndSection
    EndSection

    Section : SCH Library - 6-103635-0.SchLib
        Section : Parsing Messages
            Warning - 1 : Skipping Token padStyleDef On Line 9
            Warning - 1 : Skipping Token padStyleDef On Line 21
            Warning - 1 : Skipping Token multiLayer On Line 96
            Warning - 1 : Skipping Token layerContents On Line 109
            Warning - 1 : Skipping Token layerContents On Line 118
            Warning - 1 : Skipping Token layerContents On Line 127
            Warning - 1 : Skipping Token layerContents On Line 135
        EndSection

        Section : Generating SCH Library - 6-103635-0.SchLib
        EndSection
    EndSection
EndSection
