Removed Pin From Net: NetName=GND Pin=C1-1
Removed Pin From Net: NetName=GND Pin=C2-1
Removed Pin From Net: NetName=GND Pin=C3-1
Removed Pin From Net: NetName=GND Pin=D1-2
Removed Pin From Net: NetName=GND Pin=D2-2
Removed Pin From Net: NetName=GND Pin=J1-8
Removed Pin From Net: NetName=GND Pin=Q6-3
Removed Pin From Net: NetName=GND Pin=Q7-3
Removed Pin From Net: NetName=GND Pin=Q8-3
Removed Pin From Net: NetName=GND Pin=R20-1
Removed Pin From Net: NetName=GND Pin=R21-1
Removed Pin From Net: NetName=GND Pin=R22-1
Removed Pin From Net: NetName=GND Pin=R24-1
Removed Pin From Net: NetName=GND Pin=U1-6
Removed Pin From Net: NetName=GND Pin=U1-9
Removed Pin From Net: NetName=GND Pin=U1-14
Removed Pin From Net: NetName=GND Pin=U1-20
Removed Pin From Net: NetName=GND Pin=U1-25
Removed Pin From Net: NetName=GND Pin=U1-30
Removed Pin From Net: NetName=GND Pin=U1-34
Removed Pin From Net: NetName=GND Pin=U1-39
Removed Pin From Net: NetName=GND Pin=U2-5
Removed Pin From Net: NetName=GND Pin=U2-8
Removed Pin From Net: NetName=GND Pin=U3-8
Removed Pin From Net: NetName=GND Pin=U3-21
Removed Pin From Net: NetName=GND Pin=U4-2
Removed Pin From Net: NetName=GND Pin=U4-8
Removed Pin From Net: NetName=GND Pin=U5-6
Removed Pin From Net: NetName=GND Pin=U5-7
Removed Pin From Net: NetName=GND Pin=U6-5
Removed Pin From Net: NetName=GND Pin=U6-6
Removed Pin From Net: NetName=GND Pin=U7-4
Removed Pin From Net: NetName=GND Pin=U7-5
Removed Pin From Net: NetName=GND Pin=U7-6
Removed Pin From Net: NetName=GND Pin=U8-4
Removed Pin From Net: NetName=GND Pin=U8-5
Added Pin To Net: NetName=GND Pin=J1-1
Added Pin To Net: NetName=LED10 Pin=L1-11
Added Pin To Net: NetName=LED9 Pin=L1-12
Added Pin To Net: NetName=LED8 Pin=L1-13
Added Pin To Net: NetName=LED7 Pin=L1-14
Added Pin To Net: NetName=LED6 Pin=L1-15
Added Pin To Net: NetName=LED5 Pin=L1-16
Added Pin To Net: NetName=LED4 Pin=L1-17
Added Pin To Net: NetName=LED3 Pin=L1-18
Added Pin To Net: NetName=LED2 Pin=L1-19
Added Pin To Net: NetName=LED1 Pin=L1-20
Added Pin To Net: NetName=LED20 Pin=L2-11
Added Pin To Net: NetName=LED19 Pin=L2-12
Added Pin To Net: NetName=LED18 Pin=L2-13
Added Pin To Net: NetName=LED17 Pin=L2-14
Added Pin To Net: NetName=LED16 Pin=L2-15
Added Pin To Net: NetName=LED15 Pin=L2-16
Added Pin To Net: NetName=LED14 Pin=L2-17
Added Pin To Net: NetName=LED13 Pin=L2-18
Added Pin To Net: NetName=LED12 Pin=L2-19
Added Pin To Net: NetName=LED11 Pin=L2-20
Added Pin To Net: NetName=LED30 Pin=L3-11
Added Pin To Net: NetName=LED29 Pin=L3-12
Added Pin To Net: NetName=LED28 Pin=L3-13
Added Pin To Net: NetName=LED27 Pin=L3-14
Added Pin To Net: NetName=LED26 Pin=L3-15
Added Pin To Net: NetName=LED25 Pin=L3-16
Added Pin To Net: NetName=LED24 Pin=L3-17
Added Pin To Net: NetName=LED23 Pin=L3-18
Added Pin To Net: NetName=LED22 Pin=L3-19
Added Pin To Net: NetName=LED21 Pin=L3-20
Added Pin To Net: NetName=NetR25_2 Pin=R25-2
Added Pin To Net: NetName=NetR26_2 Pin=R26-2
Added Pin To Net: NetName=NetR27_1 Pin=R27-1
Added Pin To Net: NetName=NetR27_2 Pin=R27-2
Added Pin To Net: NetName=NetR27_1 Pin=R28-2
Added Pin To Net: NetName=LED1 Pin=U6-1
Added Pin To Net: NetName=CONTROL Pin=U6-5
Added Pin To Net: NetName=NetU6_6 Pin=U6-6
Added Pin To Net: NetName=NetR25_2 Pin=U6-8
Added Pin To Net: NetName=LED10 Pin=U6-12
Added Pin To Net: NetName=LED9 Pin=U6-13
Added Pin To Net: NetName=LED8 Pin=U6-14
Added Pin To Net: NetName=LED7 Pin=U6-15
Added Pin To Net: NetName=LED6 Pin=U6-16
Added Pin To Net: NetName=LED5 Pin=U6-17
Added Pin To Net: NetName=LED4 Pin=U6-18
Added Pin To Net: NetName=LED3 Pin=U6-19
Added Pin To Net: NetName=LED2 Pin=U6-20
Added Pin To Net: NetName=LED11 Pin=U7-1
Added Pin To Net: NetName=NetU6_6 Pin=U7-4
Added Pin To Net: NetName=CONTROL Pin=U7-5
Added Pin To Net: NetName=NetU7_6 Pin=U7-6
Added Pin To Net: NetName=NetR26_2 Pin=U7-8
Added Pin To Net: NetName=LED20 Pin=U7-12
Added Pin To Net: NetName=LED19 Pin=U7-13
Added Pin To Net: NetName=LED18 Pin=U7-14
Added Pin To Net: NetName=LED17 Pin=U7-15
Added Pin To Net: NetName=LED16 Pin=U7-16
Added Pin To Net: NetName=LED15 Pin=U7-17
Added Pin To Net: NetName=LED14 Pin=U7-18
Added Pin To Net: NetName=LED13 Pin=U7-19
Added Pin To Net: NetName=LED12 Pin=U7-20
Added Pin To Net: NetName=LED21 Pin=U8-1
Added Pin To Net: NetName=NetU7_6 Pin=U8-4
Added Pin To Net: NetName=CONTROL Pin=U8-5
Added Pin To Net: NetName=NetR27_2 Pin=U8-6
Added Pin To Net: NetName=NetR27_2 Pin=U8-8
Added Pin To Net: NetName=NetR27_1 Pin=U8-10
Added Pin To Net: NetName=LED30 Pin=U8-12
Added Pin To Net: NetName=LED29 Pin=U8-13
Added Pin To Net: NetName=LED28 Pin=U8-14
Added Pin To Net: NetName=LED27 Pin=U8-15
Added Pin To Net: NetName=LED26 Pin=U8-16
Added Pin To Net: NetName=LED25 Pin=U8-17
Added Pin To Net: NetName=LED24 Pin=U8-18
Added Pin To Net: NetName=LED23 Pin=U8-19
Added Pin To Net: NetName=LED22 Pin=U8-20
Change Net Name : Old Net Name=GND New Net Name=12V
Added Pin To Net: NetName=GND Pin=C1-1
Added Pin To Net: NetName=GND Pin=C2-1
Added Pin To Net: NetName=GND Pin=C3-1
Added Pin To Net: NetName=GND Pin=C4-1
Added Pin To Net: NetName=GND Pin=C5-1
Added Pin To Net: NetName=GND Pin=C6-1
Added Pin To Net: NetName=GND Pin=C7-1
Added Pin To Net: NetName=GND Pin=C8-1
Added Pin To Net: NetName=GND Pin=C9-1
Added Pin To Net: NetName=GND Pin=D1-2
Added Pin To Net: NetName=GND Pin=D2-2
Added Pin To Net: NetName=GND Pin=J1-8
Added Pin To Net: NetName=GND Pin=Q6-3
Added Pin To Net: NetName=GND Pin=Q7-3
Added Pin To Net: NetName=GND Pin=Q8-3
Added Pin To Net: NetName=GND Pin=R20-1
Added Pin To Net: NetName=GND Pin=R21-1
Added Pin To Net: NetName=GND Pin=R22-1
Added Pin To Net: NetName=GND Pin=R24-1
Added Pin To Net: NetName=GND Pin=R25-1
Added Pin To Net: NetName=GND Pin=R26-1
Added Pin To Net: NetName=GND Pin=R28-1
Added Pin To Net: NetName=GND Pin=U1-6
Added Pin To Net: NetName=GND Pin=U1-9
Added Pin To Net: NetName=GND Pin=U1-14
Added Pin To Net: NetName=GND Pin=U1-20
Added Pin To Net: NetName=GND Pin=U1-25
Added Pin To Net: NetName=GND Pin=U1-30
Added Pin To Net: NetName=GND Pin=U1-34
Added Pin To Net: NetName=GND Pin=U1-39
Added Pin To Net: NetName=GND Pin=U2-5
Added Pin To Net: NetName=GND Pin=U2-8
Added Pin To Net: NetName=GND Pin=U3-8
Added Pin To Net: NetName=GND Pin=U3-21
Added Pin To Net: NetName=GND Pin=U4-2
Added Pin To Net: NetName=GND Pin=U4-8
Added Pin To Net: NetName=GND Pin=U5-6
Added Pin To Net: NetName=GND Pin=U5-7
Added Pin To Net: NetName=GND Pin=U6-2
Added Pin To Net: NetName=GND Pin=U6-4
Added Pin To Net: NetName=GND Pin=U6-10
Added Pin To Net: NetName=GND Pin=U7-2
Added Pin To Net: NetName=GND Pin=U7-10
Added Pin To Net: NetName=GND Pin=U8-2
Added Net: Name=GND
Added Member To Class: ClassName=VoltageLEDs Member=Component C4 1uF
Added Member To Class: ClassName=VoltageLEDs Member=Component C5 0.1uF
Added Member To Class: ClassName=VoltageLEDs Member=Component C6 1uF
Added Member To Class: ClassName=VoltageLEDs Member=Component C7 0.1uF
Added Member To Class: ClassName=VoltageLEDs Member=Component C8 1uF
Added Member To Class: ClassName=VoltageLEDs Member=Component C9 0.1uF
Added Member To Class: ClassName=VoltageLEDs Member=Component L1 754-1176-5-ND
Added Member To Class: ClassName=VoltageLEDs Member=Component L2 754-1179-5-ND
Added Member To Class: ClassName=VoltageLEDs Member=Component L3 67-1008-ND
Added Member To Class: ClassName=VoltageLEDs Member=Component R25 1K
Added Member To Class: ClassName=VoltageLEDs Member=Component R26 1K
Added Member To Class: ClassName=VoltageLEDs Member=Component R27 2.2K
Added Member To Class: ClassName=VoltageLEDs Member=Component R28 3.3K
Added Member To Class: ClassName=VoltageLEDs Member=Component U6 LM3914VX/NOPB
Added Member To Class: ClassName=VoltageLEDs Member=Component U7 LM3914VX/NOPB
Added Member To Class: ClassName=VoltageLEDs Member=Component U8 LM3914VX/NOPB
