Removed Pin From Net: NetName=3V3 Pin=Q1-1
Removed Pin From Net: NetName=SDI Pin=Q1-2
Removed Pin From Net: NetName=MOSI_3V3 Pin=Q1-3
Removed Pin From Net: NetName=3V3 Pin=Q2-1
Removed Pin From Net: NetName=SDO Pin=Q2-2
Removed Pin From Net: NetName=MISO_3V3 Pin=Q2-3
Removed Pin From Net: NetName=3V3 Pin=Q3-1
Removed Pin From Net: NetName=SCK Pin=Q3-2
Removed Pin From Net: NetName=CLK_3V3 Pin=Q3-3
Removed Pin From Net: NetName=3V3 Pin=Q4-1
Removed Pin From Net: NetName=CS_1 Pin=Q4-2
Removed Pin From Net: NetName=CS1_3V3 Pin=Q4-3
Removed Pin From Net: NetName=3V3 Pin=Q5-1
Removed Pin From Net: NetName=CS_2 Pin=Q5-2
Removed Pin From Net: NetName=CS2_3V3 Pin=Q5-3
Removed Pin From Net: NetName=SDI Pin=R1-1
Removed Pin From Net: NetName=5V Pin=R1-2
Removed Pin From Net: NetName=MOSI_3V3 Pin=R2-1
Removed Pin From Net: NetName=3V3 Pin=R2-2
Removed Pin From Net: NetName=SDO Pin=R3-1
Removed Pin From Net: NetName=5V Pin=R3-2
Removed Pin From Net: NetName=MISO_3V3 Pin=R4-1
Removed Pin From Net: NetName=3V3 Pin=R4-2
Removed Pin From Net: NetName=SCK Pin=R5-1
Removed Pin From Net: NetName=5V Pin=R5-2
Removed Pin From Net: NetName=CLK_3V3 Pin=R6-1
Removed Pin From Net: NetName=3V3 Pin=R6-2
Removed Pin From Net: NetName=CS_1 Pin=R7-1
Removed Pin From Net: NetName=5V Pin=R7-2
Removed Pin From Net: NetName=CS1_3V3 Pin=R8-1
Removed Pin From Net: NetName=3V3 Pin=R8-2
Removed Pin From Net: NetName=CS_2 Pin=R9-1
Removed Pin From Net: NetName=5V Pin=R9-2
Removed Pin From Net: NetName=CS2_3V3 Pin=R10-1
Removed Pin From Net: NetName=3V3 Pin=R10-2
Removed Pin From Net: NetName=5V Pin=U5-1
Removed Pin From Net: NetName=5V Pin=U5-3
Removed Member From Class: ClassName=Connector Member=Q1
Removed Member From Class: ClassName=Connector Member=Q2
Removed Member From Class: ClassName=Connector Member=Q3
Removed Member From Class: ClassName=Connector Member=Q4
Removed Member From Class: ClassName=Connector Member=Q5
Removed Member From Class: ClassName=Connector Member=R1
Removed Member From Class: ClassName=Connector Member=R2
Removed Member From Class: ClassName=Connector Member=R3
Removed Member From Class: ClassName=Connector Member=R4
Removed Member From Class: ClassName=Connector Member=R5
Removed Member From Class: ClassName=Connector Member=R6
Removed Member From Class: ClassName=Connector Member=R7
Removed Member From Class: ClassName=Connector Member=R8
Removed Member From Class: ClassName=Connector Member=R9
Removed Member From Class: ClassName=Connector Member=R10
Added Pin To Net: NetName=3V3 Pin=U5-1
Added Pin To Net: NetName=3V3 Pin=U5-3
