Added Pin To Net: NetName=3.3V Pin=U9-1
Added Pin To Net: NetName=SSI2_FSS Pin=U9-2
Added Pin To Net: NetName=A2 Pin=U9-3
Added Pin To Net: NetName=B2 Pin=U9-4
Added Pin To Net: NetName=CAN0_RX Pin=U9-5
Added Pin To Net: NetName=CAN0_TX Pin=U9-6
Added Pin To Net: NetName=SSI2_CLK Pin=U9-7
Added Pin To Net: NetName=SSI0_TX Pin=U9-8
Added Pin To Net: NetName=FLT_LED2 Pin=U9-9
Added Pin To Net: NetName=FLT_LED3 Pin=U9-10
Added Pin To Net: NetName=GND Pin=U9-21
Added Pin To Net: NetName=C2 Pin=U9-22
Added Pin To Net: NetName=A3 Pin=U9-23
Added Pin To Net: NetName=SSI1_RX Pin=U9-24
Added Pin To Net: NetName=SSI2_TX Pin=U9-26
Added Pin To Net: NetName=SSI2_RX Pin=U9-27
Added Pin To Net: NetName=SSI0_RX Pin=U9-28
Added Pin To Net: NetName=SSI0_FSS Pin=U9-29
Added Pin To Net: NetName=SSI0_CLK Pin=U9-30
Added Pin To Net: NetName=5V Pin=U9-31
Added Pin To Net: NetName=GND Pin=U9-32
Added Pin To Net: NetName=A1 Pin=U9-33
Added Pin To Net: NetName=B1 Pin=U9-34
Added Pin To Net: NetName=C1 Pin=U9-35
Added Pin To Net: NetName=D1 Pin=U9-36
Added Pin To Net: NetName=B3 Pin=U9-37
Added Pin To Net: NetName=C3 Pin=U9-38
Added Pin To Net: NetName=D3 Pin=U9-39
Added Pin To Net: NetName=SSI1_TX Pin=U9-40
Added Pin To Net: NetName=SSI1_CLK Pin=U9-41
Added Pin To Net: NetName=SSI1_FSS Pin=U9-42
Added Pin To Net: NetName=D2 Pin=U9-43
Added Pin To Net: NetName=FLT_IND Pin=U9-44
Added Pin To Net: NetName=FLT_LED1 Pin=U9-45
Added Pin To Net: NetName=IMD_LED Pin=U9-46
Added Pin To Net: NetName=AMS_LED Pin=U9-47
Added Pin To Net: NetName=DETECT_SWITCH Pin=U9-50
Added Member To Class: ClassName=Headers Member=Component U9 EK-TM4C123GXL
