Removed Pin From Net: NetName=3.3V Pin=U9-1
Removed Pin From Net: NetName=SSI2_FSS Pin=U9-2
Removed Pin From Net: NetName=NetU2_5 Pin=U9-3
Removed Pin From Net: NetName=NetU2_3 Pin=U9-4
Removed Pin From Net: NetName=NetU8_4 Pin=U9-5
Removed Pin From Net: NetName=NetU8_1 Pin=U9-6
Removed Pin From Net: NetName=SSI2_CLK Pin=U9-7
Removed Pin From Net: NetName=SSI0_TX Pin=U9-8
Removed Pin From Net: NetName=FLT_LED2 Pin=U9-9
Removed Pin From Net: NetName=FLT_LED3 Pin=U9-10
Removed Pin From Net: NetName=SSI1_CLK Pin=U9-21
Removed Pin From Net: NetName=SSI1_FSS Pin=U9-22
Removed Pin From Net: NetName=NetU2_4 Pin=U9-23
Removed Pin From Net: NetName=FLT_IND Pin=U9-24
Removed Pin From Net: NetName=FLT_LED1 Pin=U9-25
Removed Pin From Net: NetName=IMD_LED Pin=U9-26
Removed Pin From Net: NetName=AMS_LED Pin=U9-27
Removed Pin From Net: NetName=SSI0_CLK Pin=U9-31
Removed Pin From Net: NetName=SSI0_FSS Pin=U9-32
Removed Pin From Net: NetName=SSI0_RX Pin=U9-33
Removed Pin From Net: NetName=SSI2_RX Pin=U9-34
Removed Pin From Net: NetName=SSI2_TX Pin=U9-35
Removed Pin From Net: NetName=SSI1_RX Pin=U9-37
Removed Pin From Net: NetName=NetU5_5 Pin=U9-38
Removed Pin From Net: NetName=NetU2_2 Pin=U9-39
Removed Member From Class: ClassName=Headers Member=U9
Added Component: Designator=U?(TIVA Headers)
Add component. Clean all parameters for all variants
Added Pin To Net: NetName=3.3V Pin=U?-1
Added Pin To Net: NetName=SSI2_FSS Pin=U?-2
Added Pin To Net: NetName=NetU2_5 Pin=U?-3
Added Pin To Net: NetName=NetU2_3 Pin=U?-4
Added Pin To Net: NetName=NetU8_4 Pin=U?-5
Added Pin To Net: NetName=NetU8_1 Pin=U?-6
Added Pin To Net: NetName=SSI2_CLK Pin=U?-7
Added Pin To Net: NetName=SSI0_TX Pin=U?-8
Added Pin To Net: NetName=FLT_LED2 Pin=U?-9
Added Pin To Net: NetName=FLT_LED3 Pin=U?-10
Added Pin To Net: NetName=GND Pin=U?-21
Added Pin To Net: NetName=NetU2_2 Pin=U?-22
Added Pin To Net: NetName=NetU5_5 Pin=U?-23
Added Pin To Net: NetName=SSI1_RX Pin=U?-24
Added Pin To Net: NetName=SSI2_TX Pin=U?-26
Added Pin To Net: NetName=SSI2_RX Pin=U?-27
Added Pin To Net: NetName=SSI0_RX Pin=U?-28
Added Pin To Net: NetName=SSI0_FSS Pin=U?-29
Added Pin To Net: NetName=SSI0_CLK Pin=U?-30
Added Pin To Net: NetName=5V Pin=U?-31
Added Pin To Net: NetName=GND Pin=U?-32
Added Pin To Net: NetName=NetU1_5 Pin=U?-33
Added Pin To Net: NetName=NetU1_3 Pin=U?-34
Added Pin To Net: NetName=NetU1_2 Pin=U?-35
Added Pin To Net: NetName=NetU1_4 Pin=U?-36
Added Pin To Net: NetName=NetU5_3 Pin=U?-37
Added Pin To Net: NetName=NetU5_2 Pin=U?-38
Added Pin To Net: NetName=NetU5_4 Pin=U?-39
Added Pin To Net: NetName=SSI1_TX Pin=U?-40
Added Pin To Net: NetName=SSI1_CLK Pin=U?-41
Added Pin To Net: NetName=SSI1_FSS Pin=U?-42
Added Pin To Net: NetName=NetU2_4 Pin=U?-43
Added Pin To Net: NetName=FLT_IND Pin=U?-44
Added Pin To Net: NetName=FLT_LED1 Pin=U?-45
Added Pin To Net: NetName=IMD_LED Pin=U?-46
Added Pin To Net: NetName=AMS_LED Pin=U?-47
Added Member To Class: ClassName=Headers Member=Component U? EK-TM4C123GXL
