Added Pin To Net: NetName=5V Pin=C1-2
Added Pin To Net: NetName=5V Pin=J1-2
Added Pin To Net: NetName=5V Pin=U1-1
Added Pin To Net: NetName=5V Pin=U1-3
Added Net: Name=5V
Added Pin To Net: NetName=12V Pin=C4-1
Added Pin To Net: NetName=12V Pin=C5-1
Added Pin To Net: NetName=12V Pin=J1-3
Added Pin To Net: NetName=12V Pin=LED_Green-11
Added Pin To Net: NetName=12V Pin=LED_Green-12
Added Pin To Net: NetName=12V Pin=LED_Green-13
Added Pin To Net: NetName=12V Pin=LED_Green-14
Added Pin To Net: NetName=12V Pin=LED_Green-15
Added Pin To Net: NetName=12V Pin=LED_Green-16
Added Pin To Net: NetName=12V Pin=LED_Green-17
Added Pin To Net: NetName=12V Pin=LED_Green-18
Added Pin To Net: NetName=12V Pin=LED_Green-19
Added Pin To Net: NetName=12V Pin=LED_Green-20
Added Pin To Net: NetName=12V Pin=LED_RED1-11
Added Pin To Net: NetName=12V Pin=LED_RED1-12
Added Pin To Net: NetName=12V Pin=LED_RED1-13
Added Pin To Net: NetName=12V Pin=LED_RED1-14
Added Pin To Net: NetName=12V Pin=LED_RED1-15
Added Pin To Net: NetName=12V Pin=LED_RED1-16
Added Pin To Net: NetName=12V Pin=LED_RED1-17
Added Pin To Net: NetName=12V Pin=LED_RED1-18
Added Pin To Net: NetName=12V Pin=LED_RED1-19
Added Pin To Net: NetName=12V Pin=LED_RED1-20
Added Pin To Net: NetName=12V Pin=LED_RED2-11
Added Pin To Net: NetName=12V Pin=LED_RED2-12
Added Pin To Net: NetName=12V Pin=LED_RED2-13
Added Pin To Net: NetName=12V Pin=LED_RED2-14
Added Pin To Net: NetName=12V Pin=LED_RED2-15
Added Pin To Net: NetName=12V Pin=LED_RED2-16
Added Pin To Net: NetName=12V Pin=LED_RED2-17
Added Pin To Net: NetName=12V Pin=LED_RED2-18
Added Pin To Net: NetName=12V Pin=LED_RED2-19
Added Pin To Net: NetName=12V Pin=LED_RED2-20
Added Pin To Net: NetName=12V Pin=LED_Yellow-11
Added Pin To Net: NetName=12V Pin=LED_Yellow-12
Added Pin To Net: NetName=12V Pin=LED_Yellow-13
Added Pin To Net: NetName=12V Pin=LED_Yellow-14
Added Pin To Net: NetName=12V Pin=LED_Yellow-15
Added Pin To Net: NetName=12V Pin=LED_Yellow-16
Added Pin To Net: NetName=12V Pin=LED_Yellow-17
Added Pin To Net: NetName=12V Pin=LED_Yellow-18
Added Pin To Net: NetName=12V Pin=LED_Yellow-19
Added Pin To Net: NetName=12V Pin=LED_Yellow-20
Added Pin To Net: NetName=12V Pin=U2-3
Added Pin To Net: NetName=12V Pin=U2-9
Added Pin To Net: NetName=12V Pin=U3-3
Added Pin To Net: NetName=12V Pin=U3-9
Added Pin To Net: NetName=12V Pin=U4-3
Added Pin To Net: NetName=12V Pin=U4-9
Added Net: Name=12V
Added Pin To Net: NetName=BMS_FLT Pin=BMS-K
Added Pin To Net: NetName=BMS_FLT Pin=R21-2
Added Net: Name=BMS_FLT
Added Pin To Net: NetName=DAC_OUTPUT1 Pin=C3-2
Added Pin To Net: NetName=DAC_OUTPUT1 Pin=R4-2
Added Pin To Net: NetName=DAC_OUTPUT1 Pin=R10-2
Added Pin To Net: NetName=DAC_OUTPUT1 Pin=U1-4
Added Pin To Net: NetName=DAC_OUTPUT1 Pin=U2-5
Added Net: Name=DAC_OUTPUT1
Added Pin To Net: NetName=DAC_OUTPUT2 Pin=C2-2
Added Pin To Net: NetName=DAC_OUTPUT2 Pin=R3-2
Added Pin To Net: NetName=DAC_OUTPUT2 Pin=R16-1
Added Pin To Net: NetName=DAC_OUTPUT2 Pin=U1-5
Added Net: Name=DAC_OUTPUT2
Added Pin To Net: NetName=GND Pin=BMS-A
Added Pin To Net: NetName=GND Pin=C1-1
Added Pin To Net: NetName=GND Pin=C2-1
Added Pin To Net: NetName=GND Pin=C3-1
Added Pin To Net: NetName=GND Pin=C4-2
Added Pin To Net: NetName=GND Pin=C5-2
Added Pin To Net: NetName=GND Pin=IMD-A
Added Pin To Net: NetName=GND Pin=J1-1
Added Pin To Net: NetName=GND Pin=JP1-5
Added Pin To Net: NetName=GND Pin=LED1-A
Added Pin To Net: NetName=GND Pin=LED2-A
Added Pin To Net: NetName=GND Pin=LED3-A
Added Pin To Net: NetName=GND Pin=R2-1
Added Pin To Net: NetName=GND Pin=R3-1
Added Pin To Net: NetName=GND Pin=R4-1
Added Pin To Net: NetName=GND Pin=R11-1
Added Pin To Net: NetName=GND Pin=R12-1
Added Pin To Net: NetName=GND Pin=R13-1
Added Pin To Net: NetName=GND Pin=R15-1
Added Pin To Net: NetName=GND Pin=R17-1
Added Pin To Net: NetName=GND Pin=R19-1
Added Pin To Net: NetName=GND Pin=U1-6
Added Pin To Net: NetName=GND Pin=U1-7
Added Pin To Net: NetName=GND Pin=U2-2
Added Pin To Net: NetName=GND Pin=U2-4
Added Pin To Net: NetName=GND Pin=U3-2
Added Pin To Net: NetName=GND Pin=U3-8
Added Net: Name=GND
Added Pin To Net: NetName=GPIO_1 Pin=J1-10
Added Pin To Net: NetName=GPIO_1 Pin=R5-1
Added Pin To Net: NetName=GPIO_1 Pin=R21-1
Added Net: Name=GPIO_1
Added Pin To Net: NetName=GPIO_2 Pin=J1-9
Added Pin To Net: NetName=GPIO_2 Pin=R6-1
Added Pin To Net: NetName=GPIO_2 Pin=R20-1
Added Net: Name=GPIO_2
Added Pin To Net: NetName=GPIO_3 Pin=J1-8
Added Pin To Net: NetName=GPIO_3 Pin=R7-1
Added Net: Name=GPIO_3
Added Pin To Net: NetName=IMD_FLT Pin=IMD-K
Added Pin To Net: NetName=IMD_FLT Pin=R20-2
Added Net: Name=IMD_FLT
Added Pin To Net: NetName=LED1_1 Pin=LED_RED1-1
Added Pin To Net: NetName=LED1_1 Pin=LED_RED2-1
Added Pin To Net: NetName=LED1_1 Pin=U2-1
Added Net: Name=LED1_1
Added Pin To Net: NetName=LED1_2 Pin=LED_RED1-2
Added Pin To Net: NetName=LED1_2 Pin=LED_RED2-2
Added Pin To Net: NetName=LED1_2 Pin=U2-10
Added Net: Name=LED1_2
Added Pin To Net: NetName=LED1_3 Pin=LED_RED1-3
Added Pin To Net: NetName=LED1_3 Pin=LED_RED2-3
Added Pin To Net: NetName=LED1_3 Pin=U2-11
Added Net: Name=LED1_3
Added Pin To Net: NetName=LED1_4 Pin=LED_RED1-4
Added Pin To Net: NetName=LED1_4 Pin=LED_RED2-4
Added Pin To Net: NetName=LED1_4 Pin=U2-12
Added Net: Name=LED1_4
Added Pin To Net: NetName=LED1_5 Pin=LED_RED1-5
Added Pin To Net: NetName=LED1_5 Pin=LED_RED2-5
Added Pin To Net: NetName=LED1_5 Pin=U2-13
Added Net: Name=LED1_5
Added Pin To Net: NetName=LED1_6 Pin=LED_RED1-6
Added Pin To Net: NetName=LED1_6 Pin=LED_RED2-6
Added Pin To Net: NetName=LED1_6 Pin=U2-14
Added Net: Name=LED1_6
Added Pin To Net: NetName=LED1_7 Pin=LED_RED1-7
Added Pin To Net: NetName=LED1_7 Pin=LED_RED2-7
Added Pin To Net: NetName=LED1_7 Pin=U2-15
Added Net: Name=LED1_7
Added Pin To Net: NetName=LED1_8 Pin=LED_RED1-8
Added Pin To Net: NetName=LED1_8 Pin=LED_RED2-8
Added Pin To Net: NetName=LED1_8 Pin=U2-16
Added Net: Name=LED1_8
Added Pin To Net: NetName=LED1_9 Pin=LED_RED1-9
Added Pin To Net: NetName=LED1_9 Pin=LED_RED2-9
Added Pin To Net: NetName=LED1_9 Pin=U2-17
Added Net: Name=LED1_9
Added Pin To Net: NetName=LED1_10 Pin=LED_RED1-10
Added Pin To Net: NetName=LED1_10 Pin=LED_RED2-10
Added Pin To Net: NetName=LED1_10 Pin=U2-18
Added Net: Name=LED1_10
Added Pin To Net: NetName=LED2_1 Pin=LED_Yellow-1
Added Pin To Net: NetName=LED2_1 Pin=U3-1
Added Net: Name=LED2_1
Added Pin To Net: NetName=LED2_2 Pin=LED_Yellow-2
Added Pin To Net: NetName=LED2_2 Pin=U3-10
Added Net: Name=LED2_2
Added Pin To Net: NetName=LED2_3 Pin=LED_Yellow-3
Added Pin To Net: NetName=LED2_3 Pin=U3-11
Added Net: Name=LED2_3
Added Pin To Net: NetName=LED2_4 Pin=LED_Yellow-4
Added Pin To Net: NetName=LED2_4 Pin=U3-12
Added Net: Name=LED2_4
Added Pin To Net: NetName=LED2_5 Pin=LED_Yellow-5
Added Pin To Net: NetName=LED2_5 Pin=U3-13
Added Net: Name=LED2_5
Added Pin To Net: NetName=LED2_6 Pin=LED_Yellow-6
Added Pin To Net: NetName=LED2_6 Pin=U3-14
Added Net: Name=LED2_6
Added Pin To Net: NetName=LED2_7 Pin=LED_Yellow-7
Added Pin To Net: NetName=LED2_7 Pin=U3-15
Added Net: Name=LED2_7
Added Pin To Net: NetName=LED2_8 Pin=LED_Yellow-8
Added Pin To Net: NetName=LED2_8 Pin=U3-16
Added Net: Name=LED2_8
Added Pin To Net: NetName=LED2_9 Pin=LED_Yellow-9
Added Pin To Net: NetName=LED2_9 Pin=U3-17
Added Net: Name=LED2_9
Added Pin To Net: NetName=LED2_10 Pin=LED_Yellow-10
Added Pin To Net: NetName=LED2_10 Pin=U3-18
Added Net: Name=LED2_10
Added Pin To Net: NetName=LED3_1 Pin=LED_Green-1
Added Pin To Net: NetName=LED3_1 Pin=U4-1
Added Net: Name=LED3_1
Added Pin To Net: NetName=LED3_2 Pin=LED_Green-2
Added Pin To Net: NetName=LED3_2 Pin=U4-10
Added Net: Name=LED3_2
Added Pin To Net: NetName=LED3_3 Pin=LED_Green-3
Added Pin To Net: NetName=LED3_3 Pin=U4-11
Added Net: Name=LED3_3
Added Pin To Net: NetName=LED3_4 Pin=LED_Green-4
Added Pin To Net: NetName=LED3_4 Pin=U4-12
Added Net: Name=LED3_4
Added Pin To Net: NetName=LED3_5 Pin=LED_Green-5
Added Pin To Net: NetName=LED3_5 Pin=U4-13
Added Net: Name=LED3_5
Added Pin To Net: NetName=LED3_6 Pin=LED_Green-6
Added Pin To Net: NetName=LED3_6 Pin=U4-14
Added Net: Name=LED3_6
Added Pin To Net: NetName=LED3_7 Pin=LED_Green-7
Added Pin To Net: NetName=LED3_7 Pin=U4-15
Added Net: Name=LED3_7
Added Pin To Net: NetName=LED3_8 Pin=LED_Green-8
Added Pin To Net: NetName=LED3_8 Pin=U4-16
Added Net: Name=LED3_8
Added Pin To Net: NetName=LED3_9 Pin=LED_Green-9
Added Pin To Net: NetName=LED3_9 Pin=U4-17
Added Net: Name=LED3_9
Added Pin To Net: NetName=LED3_10 Pin=LED_Green-10
Added Pin To Net: NetName=LED3_10 Pin=U4-18
Added Net: Name=LED3_10
Added Pin To Net: NetName=MIBSPI1 CLK Pin=J1-6
Added Pin To Net: NetName=MIBSPI1 CLK Pin=JP1-2
Added Pin To Net: NetName=MIBSPI1 CLK Pin=U1-9
Added Net: Name=MIBSPI1 CLK
Added Pin To Net: NetName=MIBSPI1 MISO Pin=J1-4
Added Pin To Net: NetName=MIBSPI1 MISO Pin=JP1-4
Added Pin To Net: NetName=MIBSPI1 MISO Pin=R1-2
Added Pin To Net: NetName=MIBSPI1 MISO Pin=R2-2
Added Net: Name=MIBSPI1 MISO
Added Pin To Net: NetName=MIBSPI1 MOSI Pin=J1-5
Added Pin To Net: NetName=MIBSPI1 MOSI Pin=JP1-3
Added Pin To Net: NetName=MIBSPI1 MOSI Pin=U1-10
Added Net: Name=MIBSPI1 MOSI
Added Pin To Net: NetName=MIBSPI1 NCS 0 Pin=J1-7
Added Pin To Net: NetName=MIBSPI1 NCS 0 Pin=JP1-1
Added Pin To Net: NetName=MIBSPI1 NCS 0 Pin=U1-2
Added Net: Name=MIBSPI1 NCS 0
Added Pin To Net: NetName=NetLED1 Pin=LED1-K
Added Pin To Net: NetName=NetLED1 Pin=R5-2
Added Net: Name=NetLED1
Added Pin To Net: NetName=NetLED2 Pin=LED2-K
Added Pin To Net: NetName=NetLED2 Pin=R6-2
Added Net: Name=NetLED2
Added Pin To Net: NetName=NetLED3 Pin=LED3-K
Added Pin To Net: NetName=NetLED3 Pin=R7-2
Added Net: Name=NetLED3
Added Pin To Net: NetName=R_HiLo Pin=U3-6
Added Pin To Net: NetName=R_HiLo Pin=U4-4
Added Net: Name=R_HiLo
Added Pin To Net: NetName=REF ADJ1 Pin=R9-1
Added Pin To Net: NetName=REF ADJ1 Pin=R11-2
Added Pin To Net: NetName=REF ADJ1 Pin=R13-2
Added Pin To Net: NetName=REF ADJ1 Pin=U2-8
Added Net: Name=REF ADJ1
Added Pin To Net: NetName=REF ADJ3 Pin=R18-1
Added Pin To Net: NetName=REF ADJ3 Pin=R19-2
Added Pin To Net: NetName=REF ADJ3 Pin=U4-2
Added Pin To Net: NetName=REF ADJ3 Pin=U4-8
Added Net: Name=REF ADJ3
Added Pin To Net: NetName=REF OUT1 Pin=R8-1
Added Pin To Net: NetName=REF OUT1 Pin=R9-2
Added Pin To Net: NetName=REF OUT1 Pin=R12-2
Added Pin To Net: NetName=REF OUT1 Pin=U2-7
Added Net: Name=REF OUT1
Added Pin To Net: NetName=REF OUT2 Pin=R17-2
Added Pin To Net: NetName=REF OUT2 Pin=U3-7
Added Net: Name=REF OUT2
Added Pin To Net: NetName=REF OUT 3 Pin=R18-2
Added Pin To Net: NetName=REF OUT 3 Pin=U4-6
Added Pin To Net: NetName=REF OUT 3 Pin=U4-7
Added Net: Name=REF OUT 3
Added Pin To Net: NetName=R HI Pin=R8-2
Added Pin To Net: NetName=R HI Pin=R14-2
Added Pin To Net: NetName=R HI Pin=U2-6
Added Net: Name=R HI
Added Pin To Net: NetName=R LO Pin=R14-1
Added Pin To Net: NetName=R LO Pin=R15-2
Added Pin To Net: NetName=R LO Pin=U3-4
Added Net: Name=R LO
Added Pin To Net: NetName=SD0 Pin=R1-1
Added Pin To Net: NetName=SD0 Pin=U1-8
Added Net: Name=SD0
Added Pin To Net: NetName=SIGNAL_IN2 Pin=R10-1
Added Pin To Net: NetName=SIGNAL_IN2 Pin=R16-2
Added Pin To Net: NetName=SIGNAL_IN2 Pin=U3-5
Added Pin To Net: NetName=SIGNAL_IN2 Pin=U4-5
Added Net: Name=SIGNAL_IN2
Added Class: Name=DAC_Schematic
Added Class: Name=SecondSheet
